TN:
SF:src/App.js
FN:17,(anonymous_0)
FNF:1
FNH:0
FNDA:0,(anonymous_0)
DA:17,0
DA:19,0
LF:2
LH:0
BRF:0
BRH:0
end_of_record
TN:
SF:src/babel.config.js
FNF:0
FNH:0
DA:1,0
LF:1
LH:0
BRF:0
BRH:0
end_of_record
TN:
SF:src/combineReducers.js
FNF:0
FNH:0
DA:7,0
LF:1
LH:0
BRF:0
BRH:0
end_of_record
TN:
SF:src/index.js
FNF:0
FNH:0
DA:9,0
DA:10,0
LF:2
LH:0
BRF:0
BRH:0
end_of_record
TN:
SF:src/puhooks.js
FN:38,(anonymous_0)
FN:40,(anonymous_1)
FN:52,(anonymous_2)
FN:68,(anonymous_3)
FN:85,(anonymous_4)
FN:100,(anonymous_5)
FN:115,(anonymous_6)
FN:132,(anonymous_7)
FN:153,(anonymous_8)
FN:167,(anonymous_9)
FN:182,(anonymous_10)
FN:212,(anonymous_11)
FN:256,(anonymous_12)
FN:285,(anonymous_13)
FN:311,(anonymous_14)
FN:365,(anonymous_15)
FN:385,(anonymous_16)
FN:430,(anonymous_17)
FN:460,(anonymous_18)
FNF:19
FNH:0
FNDA:0,(anonymous_0)
FNDA:0,(anonymous_1)
FNDA:0,(anonymous_2)
FNDA:0,(anonymous_3)
FNDA:0,(anonymous_4)
FNDA:0,(anonymous_5)
FNDA:0,(anonymous_6)
FNDA:0,(anonymous_7)
FNDA:0,(anonymous_8)
FNDA:0,(anonymous_9)
FNDA:0,(anonymous_10)
FNDA:0,(anonymous_11)
FNDA:0,(anonymous_12)
FNDA:0,(anonymous_13)
FNDA:0,(anonymous_14)
FNDA:0,(anonymous_15)
FNDA:0,(anonymous_16)
FNDA:0,(anonymous_17)
FNDA:0,(anonymous_18)
DA:16,0
DA:19,0
DA:38,0
DA:40,0
DA:41,0
DA:42,0
DA:43,0
DA:44,0
DA:49,0
DA:52,0
DA:53,0
DA:63,0
DA:64,0
DA:65,0
DA:68,0
DA:69,0
DA:79,0
DA:80,0
DA:81,0
DA:82,0
DA:85,0
DA:86,0
DA:96,0
DA:97,0
DA:100,0
DA:101,0
DA:111,0
DA:115,0
DA:116,0
DA:126,0
DA:127,0
DA:128,0
DA:132,0
DA:133,0
DA:143,0
DA:144,0
DA:145,0
DA:146,0
DA:147,0
DA:148,0
DA:149,0
DA:153,0
DA:154,0
DA:164,0
DA:167,0
DA:168,0
DA:169,0
DA:179,0
DA:182,0
DA:183,0
DA:194,0
DA:195,0
DA:196,0
DA:197,0
DA:198,0
DA:199,0
DA:200,0
DA:201,0
DA:202,0
DA:203,0
DA:204,0
DA:205,0
DA:206,0
DA:207,0
DA:208,0
DA:209,0
DA:212,0
DA:213,0
DA:233,0
DA:234,0
DA:235,0
DA:236,0
DA:237,0
DA:238,0
DA:239,0
DA:240,0
DA:241,0
DA:242,0
DA:243,0
DA:244,0
DA:245,0
DA:246,0
DA:247,0
DA:248,0
DA:249,0
DA:250,0
DA:251,0
DA:252,0
DA:253,0
DA:256,0
DA:257,0
DA:274,0
DA:275,0
DA:276,0
DA:277,0
DA:278,0
DA:279,0
DA:280,0
DA:281,0
DA:282,0
DA:285,0
DA:286,0
DA:302,0
DA:303,0
DA:304,0
DA:305,0
DA:306,0
DA:307,0
DA:308,0
DA:311,0
DA:312,0
DA:326,0
DA:328,0
DA:330,0
DA:332,0
DA:333,0
DA:334,0
DA:335,0
DA:336,0
DA:337,0
DA:338,0
DA:339,0
DA:340,0
DA:341,0
DA:345,0
DA:346,0
DA:348,0
DA:350,0
DA:351,0
DA:352,0
DA:354,0
DA:356,0
DA:357,0
DA:359,0
DA:365,0
DA:366,0
DA:376,0
DA:377,0
DA:378,0
DA:379,0
DA:380,0
DA:381,0
DA:382,0
DA:383,0
DA:385,0
DA:386,0
DA:405,0
DA:406,0
DA:407,0
DA:408,0
DA:409,0
DA:410,0
DA:411,0
DA:412,0
DA:413,0
DA:414,0
DA:415,0
DA:416,0
DA:417,0
DA:418,0
DA:419,0
DA:420,0
DA:421,0
DA:422,0
DA:423,0
DA:424,0
DA:425,0
DA:426,0
DA:427,0
DA:430,0
DA:431,0
DA:444,0
DA:445,0
DA:446,0
DA:447,0
DA:448,0
DA:449,0
DA:450,0
DA:451,0
DA:452,0
DA:453,0
DA:454,0
DA:460,0
DA:461,0
DA:473,0
DA:474,0
DA:475,0
DA:476,0
DA:477,0
DA:478,0
LF:190
LH:0
BRF:0
BRH:0
end_of_record
TN:
SF:src/storeReducers.js
FNF:0
FNH:0
DA:4,0
LF:1
LH:0
BRF:0
BRH:0
end_of_record
TN:
SF:src/api/axiosInterceptorsRequest.js
FN:4,(anonymous_0)
FN:9,(anonymous_1)
FNF:2
FNH:0
FNDA:0,(anonymous_0)
FNDA:0,(anonymous_1)
DA:3,0
DA:5,0
DA:6,0
DA:7,0
DA:10,0
LF:5
LH:0
BRF:0
BRH:0
end_of_record
TN:
SF:src/api/axiosInterceptorsResponse.js
FN:6,(anonymous_0)
FN:9,(anonymous_1)
FNF:2
FNH:0
FNDA:0,(anonymous_0)
FNDA:0,(anonymous_1)
DA:5,0
DA:7,0
DA:10,0
DA:11,0
DA:12,0
DA:13,0
DA:14,0
DA:17,0
LF:8
LH:0
BRDA:10,0,0,0
BRDA:10,0,1,0
BRDA:11,1,0,0
BRDA:11,1,1,0
BRF:4
BRH:0
end_of_record
TN:
SF:src/baseComponents/appBarChallenge.js
FN:15,(anonymous_0)
FN:18,(anonymous_1)
FN:22,(anonymous_2)
FN:29,(anonymous_3)
FN:35,(anonymous_4)
FNF:5
FNH:0
FNDA:0,(anonymous_0)
FNDA:0,(anonymous_1)
FNDA:0,(anonymous_2)
FNDA:0,(anonymous_3)
FNDA:0,(anonymous_4)
DA:15,0
DA:17,0
DA:18,0
DA:20,0
DA:22,0
DA:23,0
DA:24,0
DA:25,0
DA:26,0
DA:29,0
DA:30,0
DA:31,0
DA:35,0
DA:36,0
DA:37,0
DA:41,0
LF:16
LH:0
BRDA:30,0,0,0
BRDA:30,0,1,0
BRDA:30,1,0,0
BRDA:30,1,1,0
BRDA:36,2,0,0
BRDA:36,2,1,0
BRDA:57,3,0,0
BRDA:57,3,1,0
BRF:8
BRH:0
end_of_record
TN:
SF:src/baseComponents/genericTable.js
FN:5,(anonymous_0)
FN:8,(anonymous_1)
FNF:2
FNH:1
FNDA:21,(anonymous_0)
FNDA:0,(anonymous_1)
DA:5,3
DA:6,21
DA:8,21
DA:9,0
DA:12,21
DA:31,3
LF:6
LH:5
BRF:0
BRH:0
end_of_record
TN:
SF:src/baseComponents/multipleSelect.js
FN:11,(anonymous_0)
FN:14,(anonymous_1)
FN:29,(anonymous_2)
FN:31,(anonymous_3)
FN:37,(anonymous_4)
FNF:5
FNH:0
FNDA:0,(anonymous_0)
FNDA:0,(anonymous_1)
FNDA:0,(anonymous_2)
FNDA:0,(anonymous_3)
FNDA:0,(anonymous_4)
DA:11,1
DA:12,0
DA:14,0
DA:15,0
DA:18,0
DA:30,0
DA:32,0
DA:38,0
DA:51,1
LF:9
LH:2
BRF:0
BRH:0
end_of_record
TN:
SF:src/baseComponents/showLoading.js
FN:4,(anonymous_0)
FNF:1
FNH:1
FNDA:21,(anonymous_0)
DA:4,3
DA:5,21
LF:2
LH:2
BRDA:5,0,0,2
BRDA:5,0,1,19
BRF:2
BRH:2
end_of_record
TN:
SF:src/challenge_arkus/accountsView/actions.js
FN:5,(anonymous_0)
FN:6,(anonymous_1)
FN:8,(anonymous_2)
FN:13,(anonymous_3)
FN:21,(anonymous_4)
FN:22,(anonymous_5)
FN:24,(anonymous_6)
FN:30,(anonymous_7)
FN:40,(anonymous_8)
FN:41,(anonymous_9)
FN:43,(anonymous_10)
FN:49,(anonymous_11)
FN:59,(anonymous_12)
FN:60,(anonymous_13)
FN:62,(anonymous_14)
FN:64,(anonymous_15)
FN:70,(anonymous_16)
FN:71,(anonymous_17)
FN:78,(anonymous_18)
FN:79,(anonymous_19)
FNF:20
FNH:6
FNDA:3,(anonymous_0)
FNDA:3,(anonymous_1)
FNDA:0,(anonymous_2)
FNDA:0,(anonymous_3)
FNDA:0,(anonymous_4)
FNDA:0,(anonymous_5)
FNDA:0,(anonymous_6)
FNDA:0,(anonymous_7)
FNDA:0,(anonymous_8)
FNDA:0,(anonymous_9)
FNDA:0,(anonymous_10)
FNDA:0,(anonymous_11)
FNDA:0,(anonymous_12)
FNDA:0,(anonymous_13)
FNDA:0,(anonymous_14)
FNDA:0,(anonymous_15)
FNDA:2,(anonymous_16)
FNDA:2,(anonymous_17)
FNDA:1,(anonymous_18)
FNDA:1,(anonymous_19)
DA:5,2
DA:6,3
DA:7,3
DA:9,0
DA:14,0
DA:15,0
DA:21,2
DA:22,0
DA:23,0
DA:25,0
DA:29,0
DA:31,0
DA:35,0
DA:40,2
DA:41,0
DA:42,0
DA:44,0
DA:48,0
DA:50,0
DA:54,0
DA:59,2
DA:60,0
DA:61,0
DA:63,0
DA:65,0
DA:70,2
DA:71,2
DA:72,2
DA:78,2
DA:79,1
DA:80,1
LF:31
LH:12
BRDA:14,0,0,0
BRDA:14,0,1,0
BRDA:14,1,0,0
BRDA:14,1,1,0
BRF:4
BRH:0
end_of_record
TN:
SF:src/challenge_arkus/accountsView/actionsTypes.js
FNF:0
FNH:0
DA:1,2
DA:2,2
DA:3,2
DA:4,2
LF:4
LH:4
BRF:0
BRH:0
end_of_record
TN:
SF:src/challenge_arkus/accountsView/reducers.js
FN:8,(anonymous_0)
FNF:1
FNH:1
FNDA:19,(anonymous_0)
DA:3,2
DA:8,2
DA:9,19
DA:10,12
DA:13,7
DA:14,0
DA:17,7
DA:18,2
DA:21,5
DA:22,0
DA:25,5
DA:26,1
DA:30,4
LF:13
LH:11
BRDA:9,0,0,12
BRDA:9,0,1,7
BRDA:13,1,0,0
BRDA:13,1,1,7
BRDA:17,2,0,2
BRDA:17,2,1,5
BRDA:21,3,0,0
BRDA:21,3,1,5
BRDA:25,4,0,1
BRDA:25,4,1,4
BRF:10
BRH:8
end_of_record
TN:
SF:src/challenge_arkus/components/accountsView.js
FN:31,(anonymous_0)
FN:45,(anonymous_1)
FN:46,(anonymous_2)
FN:48,(anonymous_3)
FN:51,(anonymous_4)
FN:57,(anonymous_5)
FN:63,(anonymous_6)
FN:66,(anonymous_7)
FN:78,(anonymous_8)
FN:82,(anonymous_9)
FN:87,(anonymous_10)
FN:92,(anonymous_11)
FN:101,(anonymous_12)
FN:102,(anonymous_13)
FN:115,(anonymous_14)
FN:119,(anonymous_15)
FN:126,(anonymous_16)
FN:130,(anonymous_17)
FN:137,(anonymous_18)
FN:146,(anonymous_19)
FN:148,(anonymous_20)
FN:149,(anonymous_21)
FN:179,(anonymous_22)
FNF:23
FNH:10
FNDA:2,(anonymous_0)
FNDA:2,(anonymous_1)
FNDA:2,(anonymous_2)
FNDA:1,(anonymous_3)
FNDA:1,(anonymous_4)
FNDA:1,(anonymous_5)
FNDA:1,(anonymous_6)
FNDA:0,(anonymous_7)
FNDA:0,(anonymous_8)
FNDA:0,(anonymous_9)
FNDA:0,(anonymous_10)
FNDA:4,(anonymous_11)
FNDA:0,(anonymous_12)
FNDA:0,(anonymous_13)
FNDA:0,(anonymous_14)
FNDA:1,(anonymous_15)
FNDA:0,(anonymous_16)
FNDA:2,(anonymous_17)
FNDA:0,(anonymous_18)
FNDA:0,(anonymous_19)
FNDA:0,(anonymous_20)
FNDA:0,(anonymous_21)
FNDA:0,(anonymous_22)
DA:25,1
DA:31,1
DA:33,2
DA:34,2
DA:35,2
DA:36,2
DA:37,2
DA:38,2
DA:39,2
DA:40,2
DA:41,2
DA:43,2
DA:45,2
DA:46,2
DA:48,2
DA:49,1
DA:51,1
DA:52,1
DA:53,1
DA:57,2
DA:58,1
DA:59,1
DA:63,2
DA:64,1
DA:65,1
DA:66,1
DA:67,0
DA:69,1
DA:70,1
DA:71,1
DA:73,0
DA:74,0
DA:78,2
DA:79,0
DA:82,2
DA:83,0
DA:84,0
DA:87,2
DA:88,0
DA:89,0
DA:92,2
DA:93,4
DA:94,0
DA:96,4
DA:101,2
DA:102,0
DA:103,0
DA:104,0
DA:105,0
DA:106,0
DA:107,0
DA:115,2
DA:116,0
DA:119,2
DA:120,1
DA:121,1
DA:122,1
DA:123,1
DA:126,2
DA:127,0
DA:130,2
DA:131,2
DA:133,2
DA:134,2
DA:137,2
DA:138,0
DA:139,0
DA:140,0
DA:142,0
DA:146,2
DA:147,0
DA:148,0
DA:149,0
DA:150,0
DA:151,0
DA:152,0
DA:157,2
LF:77
LH:50
BRDA:58,0,0,1
BRDA:58,0,1,0
BRDA:58,1,0,1
BRDA:58,1,1,1
BRDA:58,1,2,1
BRDA:64,2,0,1
BRDA:64,2,1,0
BRDA:64,3,0,1
BRDA:64,3,1,1
BRDA:93,4,0,0
BRDA:93,4,1,4
BRDA:93,5,0,4
BRDA:93,5,1,2
BRDA:103,6,0,0
BRDA:103,6,1,0
BRDA:103,7,0,0
BRDA:103,7,1,0
BRDA:133,8,0,0
BRDA:133,8,1,2
BRDA:133,9,0,2
BRDA:133,9,1,0
BRDA:133,9,2,0
BRDA:139,10,0,0
BRDA:139,10,1,0
BRDA:202,11,0,0
BRDA:202,11,1,2
BRDA:202,12,0,2
BRDA:202,12,1,2
BRDA:203,13,0,0
BRDA:203,13,1,2
BRDA:203,14,0,2
BRDA:203,14,1,2
BRDA:225,15,0,0
BRDA:225,15,1,2
BRF:34
BRH:19
end_of_record
TN:
SF:src/challenge_arkus/components/loginView.js
FN:18,(anonymous_0)
FN:25,(anonymous_1)
FN:33,(anonymous_2)
FN:39,(anonymous_3)
FN:43,(anonymous_4)
FN:47,(anonymous_5)
FNF:6
FNH:6
FNDA:5,(anonymous_0)
FNDA:5,(anonymous_1)
FNDA:2,(anonymous_2)
FNDA:1,(anonymous_3)
FNDA:2,(anonymous_4)
FNDA:1,(anonymous_5)
DA:18,1
DA:19,5
DA:20,5
DA:22,5
DA:23,5
DA:25,5
DA:33,5
DA:34,2
DA:35,0
DA:39,5
DA:40,1
DA:43,5
DA:44,2
DA:47,5
DA:48,1
DA:51,5
LF:16
LH:15
BRDA:34,0,0,0
BRDA:34,0,1,2
BRDA:63,1,0,1
BRDA:63,1,1,4
BRDA:75,2,0,1
BRDA:75,2,1,4
BRF:6
BRH:5
end_of_record
TN:
SF:src/challenge_arkus/components/menuChallenge.js
FN:14,(anonymous_0)
FNF:1
FNH:1
FNDA:1,(anonymous_0)
DA:14,1
DA:21,1
LF:2
LH:2
BRF:0
BRH:0
end_of_record
TN:
SF:src/challenge_arkus/components/teamsAccountsView.js
FN:38,(anonymous_0)
FN:55,(anonymous_1)
FN:56,(anonymous_2)
FN:57,(anonymous_3)
FN:58,(anonymous_4)
FN:59,(anonymous_5)
FN:61,(anonymous_6)
FN:65,(anonymous_7)
FN:73,(anonymous_8)
FN:76,(anonymous_9)
FN:87,(anonymous_10)
FN:88,(anonymous_11)
FN:93,(anonymous_12)
FN:126,(anonymous_13)
FN:129,(anonymous_14)
FN:140,(anonymous_15)
FN:143,(anonymous_16)
FN:160,(anonymous_17)
FN:174,(anonymous_18)
FN:178,(anonymous_19)
FN:183,(anonymous_20)
FN:188,(anonymous_21)
FN:196,(anonymous_22)
FN:198,(anonymous_23)
FN:204,(anonymous_24)
FN:206,(anonymous_25)
FN:207,(anonymous_26)
FN:215,(anonymous_27)
FN:220,(anonymous_28)
FN:228,(anonymous_29)
FN:232,(anonymous_30)
FN:238,(anonymous_31)
FN:247,(anonymous_32)
FN:249,(anonymous_33)
FN:250,(anonymous_34)
FN:281,(anonymous_35)
FN:340,(anonymous_36)
FNF:37
FNH:19
FNDA:2,(anonymous_0)
FNDA:3,(anonymous_1)
FNDA:3,(anonymous_2)
FNDA:3,(anonymous_3)
FNDA:3,(anonymous_4)
FNDA:3,(anonymous_5)
FNDA:1,(anonymous_6)
FNDA:1,(anonymous_7)
FNDA:1,(anonymous_8)
FNDA:1,(anonymous_9)
FNDA:1,(anonymous_10)
FNDA:0,(anonymous_11)
FNDA:0,(anonymous_12)
FNDA:1,(anonymous_13)
FNDA:1,(anonymous_14)
FNDA:1,(anonymous_15)
FNDA:1,(anonymous_16)
FNDA:1,(anonymous_17)
FNDA:0,(anonymous_18)
FNDA:0,(anonymous_19)
FNDA:0,(anonymous_20)
FNDA:4,(anonymous_21)
FNDA:0,(anonymous_22)
FNDA:0,(anonymous_23)
FNDA:0,(anonymous_24)
FNDA:0,(anonymous_25)
FNDA:0,(anonymous_26)
FNDA:0,(anonymous_27)
FNDA:0,(anonymous_28)
FNDA:0,(anonymous_29)
FNDA:2,(anonymous_30)
FNDA:0,(anonymous_31)
FNDA:0,(anonymous_32)
FNDA:0,(anonymous_33)
FNDA:0,(anonymous_34)
FNDA:0,(anonymous_35)
FNDA:1,(anonymous_36)
DA:33,1
DA:38,1
DA:40,2
DA:41,2
DA:42,2
DA:43,2
DA:44,2
DA:45,2
DA:46,2
DA:47,2
DA:48,2
DA:49,2
DA:50,2
DA:51,2
DA:53,2
DA:55,3
DA:56,3
DA:57,3
DA:58,3
DA:59,3
DA:61,2
DA:62,1
DA:63,1
DA:64,1
DA:65,1
DA:66,1
DA:67,1
DA:68,1
DA:69,1
DA:73,2
DA:74,1
DA:75,1
DA:76,1
DA:77,1
DA:81,1
DA:83,1
DA:87,2
DA:88,1
DA:90,1
DA:91,1
DA:92,1
DA:93,0
DA:94,0
DA:95,0
DA:97,0
DA:98,0
DA:99,0
DA:100,0
DA:107,0
DA:108,0
DA:110,1
DA:111,0
DA:112,0
DA:113,0
DA:114,0
DA:121,0
DA:126,2
DA:127,1
DA:128,1
DA:129,1
DA:130,1
DA:134,1
DA:136,1
DA:140,2
DA:141,1
DA:142,1
DA:143,1
DA:144,1
DA:152,1
DA:154,1
DA:156,0
DA:160,2
DA:161,1
DA:162,0
DA:163,0
DA:164,0
DA:165,0
DA:166,0
DA:167,0
DA:169,1
DA:170,1
DA:174,2
DA:175,0
DA:178,2
DA:179,0
DA:180,0
DA:183,2
DA:184,0
DA:185,0
DA:188,2
DA:189,4
DA:190,0
DA:192,4
DA:196,2
DA:197,0
DA:198,0
DA:199,0
DA:200,0
DA:204,2
DA:205,0
DA:206,0
DA:207,0
DA:208,0
DA:209,0
DA:210,0
DA:215,2
DA:217,0
DA:220,2
DA:221,0
DA:222,0
DA:223,0
DA:224,0
DA:225,0
DA:228,2
DA:229,0
DA:232,2
DA:233,2
DA:234,2
DA:235,2
DA:238,2
DA:239,0
DA:240,0
DA:241,0
DA:243,0
DA:247,2
DA:248,0
DA:249,0
DA:250,0
DA:251,0
DA:252,0
DA:255,0
DA:256,0
DA:259,2
DA:341,1
LF:134
LH:79
BRDA:74,0,0,1
BRDA:74,0,1,0
BRDA:74,1,0,1
BRDA:74,1,1,1
BRDA:74,1,2,1
BRDA:92,2,0,0
BRDA:92,2,1,1
BRDA:92,3,0,1
BRDA:92,3,1,1
BRDA:92,3,2,0
BRDA:92,3,3,0
BRDA:110,4,0,0
BRDA:110,4,1,1
BRDA:127,5,0,1
BRDA:127,5,1,0
BRDA:127,6,0,1
BRDA:127,6,1,1
BRDA:127,6,2,1
BRDA:141,7,0,1
BRDA:141,7,1,0
BRDA:141,8,0,1
BRDA:141,8,1,1
BRDA:141,8,2,1
BRDA:161,9,0,0
BRDA:161,9,1,1
BRDA:161,10,0,1
BRDA:161,10,1,0
BRDA:189,11,0,0
BRDA:189,11,1,4
BRDA:189,12,0,4
BRDA:189,12,1,2
BRDA:199,13,0,0
BRDA:199,13,1,0
BRDA:199,14,0,0
BRDA:199,14,1,0
BRDA:234,15,0,0
BRDA:234,15,1,2
BRDA:234,16,0,2
BRDA:234,16,1,0
BRDA:234,16,2,0
BRDA:234,16,3,0
BRDA:240,17,0,0
BRDA:240,17,1,0
BRDA:251,18,0,0
BRDA:251,18,1,0
BRDA:251,19,0,0
BRDA:251,19,1,0
BRDA:304,20,0,0
BRDA:304,20,1,2
BRDA:304,21,0,2
BRDA:304,21,1,2
BRDA:305,22,0,0
BRDA:305,22,1,2
BRDA:305,23,0,2
BRDA:305,23,1,2
BRDA:327,24,0,0
BRDA:327,24,1,2
BRF:57
BRH:30
end_of_record
TN:
SF:src/challenge_arkus/components/usersView.js
FN:36,(anonymous_0)
FN:51,(anonymous_1)
FN:52,(anonymous_2)
FN:54,(anonymous_3)
FN:56,(anonymous_4)
FN:62,(anonymous_5)
FN:68,(anonymous_6)
FN:82,(anonymous_7)
FN:86,(anonymous_8)
FN:94,(anonymous_9)
FN:99,(anonymous_10)
FN:104,(anonymous_11)
FN:111,(anonymous_12)
FN:115,(anonymous_13)
FN:119,(anonymous_14)
FN:123,(anonymous_15)
FN:131,(anonymous_16)
FN:139,(anonymous_17)
FN:140,(anonymous_18)
FN:153,(anonymous_19)
FN:162,(anonymous_20)
FN:164,(anonymous_21)
FN:165,(anonymous_22)
FN:197,(anonymous_23)
FNF:24
FNH:18
FNDA:17,(anonymous_0)
FNDA:23,(anonymous_1)
FNDA:23,(anonymous_2)
FNDA:3,(anonymous_3)
FNDA:3,(anonymous_4)
FNDA:3,(anonymous_5)
FNDA:6,(anonymous_6)
FNDA:0,(anonymous_7)
FNDA:34,(anonymous_8)
FNDA:0,(anonymous_9)
FNDA:1,(anonymous_10)
FNDA:1,(anonymous_11)
FNDA:3,(anonymous_12)
FNDA:1,(anonymous_13)
FNDA:1,(anonymous_14)
FNDA:17,(anonymous_15)
FNDA:0,(anonymous_16)
FNDA:1,(anonymous_17)
FNDA:1,(anonymous_18)
FNDA:1,(anonymous_19)
FNDA:1,(anonymous_20)
FNDA:0,(anonymous_21)
FNDA:0,(anonymous_22)
FNDA:0,(anonymous_23)
DA:31,1
DA:36,1
DA:38,17
DA:39,17
DA:40,17
DA:41,17
DA:42,17
DA:43,17
DA:44,17
DA:45,17
DA:46,17
DA:47,17
DA:49,17
DA:51,23
DA:52,23
DA:54,17
DA:55,3
DA:56,3
DA:57,3
DA:58,3
DA:62,17
DA:63,3
DA:64,3
DA:68,17
DA:69,6
DA:70,1
DA:71,1
DA:72,1
DA:73,1
DA:74,1
DA:75,1
DA:77,5
DA:78,5
DA:82,17
DA:83,0
DA:86,17
DA:87,34
DA:88,0
DA:90,34
DA:94,17
DA:95,0
DA:96,0
DA:99,17
DA:100,1
DA:101,1
DA:104,17
DA:105,1
DA:106,1
DA:107,1
DA:108,1
DA:111,17
DA:112,3
DA:115,17
DA:116,1
DA:119,17
DA:120,1
DA:123,17
DA:124,17
DA:125,17
DA:126,2
DA:128,15
DA:131,17
DA:132,0
DA:133,0
DA:134,0
DA:136,0
DA:139,17
DA:140,1
DA:141,1
DA:142,0
DA:143,0
DA:144,0
DA:145,0
DA:153,17
DA:154,1
DA:155,1
DA:156,0
DA:158,1
DA:162,17
DA:163,1
DA:164,1
DA:165,0
DA:166,0
DA:167,0
DA:168,0
DA:173,17
LF:86
LH:69
BRDA:63,0,0,3
BRDA:63,0,1,0
BRDA:63,1,0,3
BRDA:63,1,1,3
BRDA:63,1,2,3
BRDA:69,2,0,1
BRDA:69,2,1,5
BRDA:69,3,0,6
BRDA:69,3,1,3
BRDA:87,4,0,0
BRDA:87,4,1,34
BRDA:87,5,0,34
BRDA:87,5,1,28
BRDA:125,6,0,2
BRDA:125,6,1,15
BRDA:125,7,0,17
BRDA:125,7,1,4
BRDA:125,7,2,2
BRDA:133,8,0,0
BRDA:133,8,1,0
BRDA:133,9,0,0
BRDA:133,9,1,0
BRDA:141,10,0,0
BRDA:141,10,1,1
BRDA:141,11,0,1
BRDA:141,11,1,1
BRDA:155,12,0,0
BRDA:155,12,1,1
BRDA:220,13,0,0
BRDA:220,13,1,17
BRDA:220,14,0,17
BRDA:220,14,1,17
BRDA:221,15,0,0
BRDA:221,15,1,17
BRDA:221,16,0,17
BRDA:221,16,1,17
BRDA:243,17,0,0
BRDA:243,17,1,17
BRDA:255,18,0,17
BRDA:255,18,1,0
BRDA:260,19,0,5
BRDA:260,19,1,12
BRDA:272,20,0,5
BRDA:272,20,1,12
BRDA:313,21,0,17
BRDA:313,21,1,0
BRF:46
BRH:33
end_of_record
TN:
SF:src/challenge_arkus/loginView/actions.js
FN:5,(anonymous_0)
FN:6,(anonymous_1)
FN:8,(anonymous_2)
FN:15,(anonymous_3)
FN:21,(anonymous_4)
FN:22,(anonymous_5)
FNF:6
FNH:2
FNDA:1,(anonymous_0)
FNDA:1,(anonymous_1)
FNDA:0,(anonymous_2)
FNDA:0,(anonymous_3)
FNDA:0,(anonymous_4)
FNDA:0,(anonymous_5)
DA:5,1
DA:6,1
DA:7,1
DA:9,0
DA:13,0
DA:14,0
DA:16,0
DA:21,1
DA:22,0
DA:23,0
LF:10
LH:4
BRF:0
BRH:0
end_of_record
TN:
SF:src/challenge_arkus/loginView/actionsTypes.js
FNF:0
FNH:0
DA:1,1
DA:2,1
LF:2
LH:2
BRF:0
BRH:0
end_of_record
TN:
SF:src/challenge_arkus/loginView/reducers.js
FN:7,(anonymous_0)
FNF:1
FNH:1
FNDA:8,(anonymous_0)
DA:3,1
DA:7,1
DA:8,8
DA:9,8
DA:12,0
DA:13,0
DA:16,0
DA:17,0
DA:22,0
LF:9
LH:4
BRDA:8,0,0,8
BRDA:8,0,1,0
BRDA:12,1,0,0
BRDA:12,1,1,0
BRDA:16,2,0,0
BRDA:16,2,1,0
BRF:6
BRH:1
end_of_record
TN:
SF:src/challenge_arkus/teamsAccounts/actions.js
FN:5,(anonymous_0)
FN:6,(anonymous_1)
FN:8,(anonymous_2)
FN:13,(anonymous_3)
FN:19,(anonymous_4)
FN:20,(anonymous_5)
FN:22,(anonymous_6)
FN:28,(anonymous_7)
FN:38,(anonymous_8)
FN:39,(anonymous_9)
FN:41,(anonymous_10)
FN:47,(anonymous_11)
FN:57,(anonymous_12)
FN:58,(anonymous_13)
FN:60,(anonymous_14)
FN:62,(anonymous_15)
FN:68,(anonymous_16)
FN:69,(anonymous_17)
FN:71,(anonymous_18)
FN:76,(anonymous_19)
FN:86,(anonymous_20)
FN:87,(anonymous_21)
FN:94,(anonymous_22)
FN:95,(anonymous_23)
FN:102,(anonymous_24)
FN:103,(anonymous_25)
FNF:26
FNH:6
FNDA:1,(anonymous_0)
FNDA:1,(anonymous_1)
FNDA:0,(anonymous_2)
FNDA:0,(anonymous_3)
FNDA:0,(anonymous_4)
FNDA:0,(anonymous_5)
FNDA:0,(anonymous_6)
FNDA:0,(anonymous_7)
FNDA:0,(anonymous_8)
FNDA:0,(anonymous_9)
FNDA:0,(anonymous_10)
FNDA:0,(anonymous_11)
FNDA:0,(anonymous_12)
FNDA:0,(anonymous_13)
FNDA:0,(anonymous_14)
FNDA:0,(anonymous_15)
FNDA:0,(anonymous_16)
FNDA:0,(anonymous_17)
FNDA:0,(anonymous_18)
FNDA:0,(anonymous_19)
FNDA:1,(anonymous_20)
FNDA:1,(anonymous_21)
FNDA:2,(anonymous_22)
FNDA:2,(anonymous_23)
FNDA:0,(anonymous_24)
FNDA:0,(anonymous_25)
DA:5,1
DA:6,1
DA:7,1
DA:9,0
DA:14,0
DA:19,1
DA:20,0
DA:21,0
DA:23,0
DA:27,0
DA:29,0
DA:33,0
DA:38,1
DA:39,0
DA:40,0
DA:42,0
DA:46,0
DA:48,0
DA:52,0
DA:57,1
DA:58,0
DA:59,0
DA:61,0
DA:63,0
DA:68,1
DA:69,0
DA:70,0
DA:72,0
DA:77,0
DA:81,0
DA:86,1
DA:87,1
DA:88,1
DA:94,1
DA:95,2
DA:96,2
DA:102,1
DA:103,0
DA:104,0
LF:39
LH:14
BRF:0
BRH:0
end_of_record
TN:
SF:src/challenge_arkus/teamsAccounts/actionsTypes.js
FNF:0
FNH:0
DA:1,1
DA:2,1
DA:3,1
DA:4,1
DA:5,1
DA:6,1
LF:6
LH:6
BRF:0
BRH:0
end_of_record
TN:
SF:src/challenge_arkus/teamsAccounts/reducers.js
FN:9,(anonymous_0)
FNF:1
FNH:1
FNDA:12,(anonymous_0)
DA:3,1
DA:9,1
DA:10,12
DA:11,7
DA:14,5
DA:15,0
DA:18,5
DA:19,1
DA:22,4
DA:23,0
DA:26,4
DA:27,2
DA:30,2
DA:31,0
DA:34,2
DA:35,0
DA:40,2
LF:17
LH:13
BRDA:10,0,0,7
BRDA:10,0,1,5
BRDA:14,1,0,0
BRDA:14,1,1,5
BRDA:18,2,0,1
BRDA:18,2,1,4
BRDA:22,3,0,0
BRDA:22,3,1,4
BRDA:26,4,0,2
BRDA:26,4,1,2
BRDA:30,5,0,0
BRDA:30,5,1,2
BRDA:34,6,0,0
BRDA:34,6,1,2
BRF:14
BRH:10
end_of_record
TN:
SF:src/challenge_arkus/usersView/actions.js
FN:5,(anonymous_0)
FN:6,(anonymous_1)
FN:8,(anonymous_2)
FN:13,(anonymous_3)
FN:21,(anonymous_4)
FN:22,(anonymous_5)
FN:24,(anonymous_6)
FN:30,(anonymous_7)
FN:40,(anonymous_8)
FN:41,(anonymous_9)
FN:43,(anonymous_10)
FN:49,(anonymous_11)
FN:59,(anonymous_12)
FN:60,(anonymous_13)
FN:62,(anonymous_14)
FN:64,(anonymous_15)
FN:72,(anonymous_16)
FN:73,(anonymous_17)
FN:80,(anonymous_18)
FN:81,(anonymous_19)
FNF:20
FNH:10
FNDA:5,(anonymous_0)
FNDA:5,(anonymous_1)
FNDA:0,(anonymous_2)
FNDA:0,(anonymous_3)
FNDA:1,(anonymous_4)
FNDA:1,(anonymous_5)
FNDA:0,(anonymous_6)
FNDA:0,(anonymous_7)
FNDA:0,(anonymous_8)
FNDA:0,(anonymous_9)
FNDA:0,(anonymous_10)
FNDA:0,(anonymous_11)
FNDA:1,(anonymous_12)
FNDA:1,(anonymous_13)
FNDA:0,(anonymous_14)
FNDA:0,(anonymous_15)
FNDA:4,(anonymous_16)
FNDA:4,(anonymous_17)
FNDA:9,(anonymous_18)
FNDA:9,(anonymous_19)
DA:5,2
DA:6,5
DA:7,5
DA:9,0
DA:14,0
DA:15,0
DA:21,2
DA:22,1
DA:23,1
DA:25,0
DA:29,0
DA:31,0
DA:35,0
DA:40,2
DA:41,0
DA:42,0
DA:44,0
DA:48,0
DA:50,0
DA:54,0
DA:59,2
DA:60,1
DA:61,1
DA:63,0
DA:65,0
DA:66,0
DA:72,2
DA:73,4
DA:74,4
DA:80,2
DA:81,9
DA:82,9
LF:32
LH:16
BRDA:14,0,0,0
BRDA:14,0,1,0
BRDA:14,1,0,0
BRDA:14,1,1,0
BRDA:14,1,2,0
BRDA:65,2,0,0
BRDA:65,2,1,0
BRDA:65,3,0,0
BRDA:65,3,1,0
BRDA:65,3,2,0
BRF:10
BRH:0
end_of_record
TN:
SF:src/challenge_arkus/usersView/actionsTypes.js
FNF:0
FNH:0
DA:1,2
DA:2,2
DA:3,2
DA:4,2
LF:4
LH:4
BRF:0
BRH:0
end_of_record
TN:
SF:src/challenge_arkus/usersView/reducers.js
FN:8,(anonymous_0)
FNF:1
FNH:1
FNDA:39,(anonymous_0)
DA:3,2
DA:8,2
DA:9,39
DA:10,22
DA:13,17
DA:14,0
DA:17,17
DA:18,4
DA:21,13
DA:22,0
DA:25,13
DA:26,9
DA:30,4
LF:13
LH:11
BRDA:9,0,0,22
BRDA:9,0,1,17
BRDA:13,1,0,0
BRDA:13,1,1,17
BRDA:17,2,0,4
BRDA:17,2,1,13
BRDA:21,3,0,0
BRDA:21,3,1,13
BRDA:25,4,0,9
BRDA:25,4,1,4
BRF:10
BRH:8
end_of_record
TN:
SF:src/notications/toastNotificacion.js
FN:5,(anonymous_0)
FN:18,(anonymous_1)
FN:32,(anonymous_2)
FNF:3
FNH:0
FNDA:0,(anonymous_0)
FNDA:0,(anonymous_1)
FNDA:0,(anonymous_2)
DA:5,4
DA:6,0
DA:18,4
DA:19,0
DA:32,4
DA:33,0
LF:6
LH:3
BRF:0
BRH:0
end_of_record
TN:
SF:src/routesChallenge/routes.js
FNF:0
FNH:0
DA:1,4
DA:2,4
DA:3,4
DA:4,4
DA:5,4
LF:5
LH:5
BRF:0
BRH:0
end_of_record
